<?xml version="1.0" encoding="UTF-8"?>
<testng-results ignored="0" total="1" passed="1" failed="0" skipped="0">
  <reporter-output>
  </reporter-output>
  <suite started-at="2020-12-12T21:59:30 IST" name="Default suite" finished-at="2020-12-12T21:59:35 IST" duration-ms="4693">
    <groups>
    </groups>
    <test started-at="2020-12-12T21:59:30 IST" name="Default test" finished-at="2020-12-12T21:59:35 IST" duration-ms="4693">
      <class name="com.OwnerRestController.Owner_Controller">
        <test-method signature="test_01()[pri:0, instance:com.OwnerRestController.Owner_Controller@65b3f4a4]" started-at="2020-12-12T21:59:30 IST" name="test_01" finished-at="2020-12-12T21:59:35 IST" duration-ms="4637" status="PASS">
          <reporter-output>
          </reporter-output>
        </test-method> <!-- test_01 -->
      </class> <!-- com.OwnerRestController.Owner_Controller -->
    </test> <!-- Default test -->
  </suite> <!-- Default suite -->
</testng-results>
